Analysis & Synthesis report for jogo
Sat Oct 22 20:24:52 2016
Quartus II 64-Bit Version 13.0.1 Build 232 06/12/2013 Service Pack 1 SJ Web Edition


---------------------
; Table of Contents ;
---------------------
  1. Legal Notice
  2. Analysis & Synthesis Summary
  3. Analysis & Synthesis Settings
  4. Parallel Compilation
  5. Analysis & Synthesis Source Files Read
  6. Analysis & Synthesis Resource Usage Summary
  7. Analysis & Synthesis Resource Utilization by Entity
  8. General Register Statistics
  9. Parameter Settings for User Entity Instance: div_freq:i0
 10. Parameter Settings for User Entity Instance: div_freq:i0|cont:i1
 11. Parameter Settings for User Entity Instance: div_freq:i0|cont:i1|soma:i1
 12. Parameter Settings for User Entity Instance: div_freq:i0|cont:i1|reg:i2
 13. Parameter Settings for User Entity Instance: div_freq:i0|cont:i1|comp:i3
 14. Parameter Settings for User Entity Instance: div_freq:i0|comp:i2
 15. Parameter Settings for User Entity Instance: operator:i2|reg:i0
 16. Parameter Settings for User Entity Instance: operator:i2|maior:i1
 17. Parameter Settings for User Entity Instance: operator:i2|soma:i3
 18. Parameter Settings for User Entity Instance: operator:i2|reg:i4
 19. Parameter Settings for User Entity Instance: operator:i2|maior:i5
 20. Parameter Settings for User Entity Instance: operator:i2|soma:i6
 21. Parameter Settings for User Entity Instance: operator:i2|mux3x1:i8
 22. Parameter Settings for User Entity Instance: operator:i2|mux3x1:i9
 23. Parameter Settings for User Entity Instance: operator:i2|mux3x1:i10
 24. Parameter Settings for User Entity Instance: operator:i2|mux3x1:i11
 25. Port Connectivity Checks: "operator:i2|mux3x1:i11"
 26. Port Connectivity Checks: "operator:i2|mux3x1:i10"
 27. Port Connectivity Checks: "operator:i2|mux3x1:i9"
 28. Port Connectivity Checks: "operator:i2|mux3x1:i8"
 29. Port Connectivity Checks: "operator:i2|segmentos:i7"
 30. Port Connectivity Checks: "operator:i2|soma:i6"
 31. Port Connectivity Checks: "operator:i2|maior:i5"
 32. Port Connectivity Checks: "operator:i2|soma:i3"
 33. Port Connectivity Checks: "operator:i2|maior:i1"
 34. Port Connectivity Checks: "div_freq:i0|cont:i1|reg:i2"
 35. Port Connectivity Checks: "div_freq:i0|cont:i1|soma:i1"
 36. Port Connectivity Checks: "div_freq:i0"
 37. Elapsed Time Per Partition
 38. Analysis & Synthesis Messages



----------------
; Legal Notice ;
----------------
Copyright (C) 1991-2013 Altera Corporation
Your use of Altera Corporation's design tools, logic functions 
and other software and tools, and its AMPP partner logic 
functions, and any output files from any of the foregoing 
(including device programming or simulation files), and any 
associated documentation or information are expressly subject 
to the terms and conditions of the Altera Program License 
Subscription Agreement, Altera MegaCore Function License 
Agreement, or other applicable license agreement, including, 
without limitation, that your use is for the sole purpose of 
programming logic devices manufactured by Altera and sold by 
Altera or its authorized distributors.  Please refer to the 
applicable agreement for further details.



+--------------------------------------------------------------------------------------+
; Analysis & Synthesis Summary                                                         ;
+------------------------------------+-------------------------------------------------+
; Analysis & Synthesis Status        ; Successful - Sat Oct 22 20:24:52 2016           ;
; Quartus II 64-Bit Version          ; 13.0.1 Build 232 06/12/2013 SP 1 SJ Web Edition ;
; Revision Name                      ; jogo                                            ;
; Top-level Entity Name              ; jogo                                            ;
; Family                             ; Cyclone II                                      ;
; Total logic elements               ; 71                                              ;
;     Total combinational functions  ; 71                                              ;
;     Dedicated logic registers      ; 43                                              ;
; Total registers                    ; 43                                              ;
; Total pins                         ; 33                                              ;
; Total virtual pins                 ; 0                                               ;
; Total memory bits                  ; 0                                               ;
; Embedded Multiplier 9-bit elements ; 0                                               ;
; Total PLLs                         ; 0                                               ;
+------------------------------------+-------------------------------------------------+


+----------------------------------------------------------------------------------------------------------------------+
; Analysis & Synthesis Settings                                                                                        ;
+----------------------------------------------------------------------------+--------------------+--------------------+
; Option                                                                     ; Setting            ; Default Value      ;
+----------------------------------------------------------------------------+--------------------+--------------------+
; Device                                                                     ; EP2C35F672C6       ;                    ;
; Top-level entity name                                                      ; jogo               ; jogo               ;
; Family name                                                                ; Cyclone II         ; Cyclone IV GX      ;
; Use smart compilation                                                      ; Off                ; Off                ;
; Enable parallel Assembler and TimeQuest Timing Analyzer during compilation ; On                 ; On                 ;
; Enable compact report table                                                ; Off                ; Off                ;
; Restructure Multiplexers                                                   ; Auto               ; Auto               ;
; Create Debugging Nodes for IP Cores                                        ; Off                ; Off                ;
; Preserve fewer node names                                                  ; On                 ; On                 ;
; Disable OpenCore Plus hardware evaluation                                  ; Off                ; Off                ;
; Verilog Version                                                            ; Verilog_2001       ; Verilog_2001       ;
; VHDL Version                                                               ; VHDL_1993          ; VHDL_1993          ;
; State Machine Processing                                                   ; Auto               ; Auto               ;
; Safe State Machine                                                         ; Off                ; Off                ;
; Extract Verilog State Machines                                             ; On                 ; On                 ;
; Extract VHDL State Machines                                                ; On                 ; On                 ;
; Ignore Verilog initial constructs                                          ; Off                ; Off                ;
; Iteration limit for constant Verilog loops                                 ; 5000               ; 5000               ;
; Iteration limit for non-constant Verilog loops                             ; 250                ; 250                ;
; Add Pass-Through Logic to Inferred RAMs                                    ; On                 ; On                 ;
; Infer RAMs from Raw Logic                                                  ; On                 ; On                 ;
; Parallel Synthesis                                                         ; On                 ; On                 ;
; DSP Block Balancing                                                        ; Auto               ; Auto               ;
; NOT Gate Push-Back                                                         ; On                 ; On                 ;
; Power-Up Don't Care                                                        ; On                 ; On                 ;
; Remove Redundant Logic Cells                                               ; Off                ; Off                ;
; Remove Duplicate Registers                                                 ; On                 ; On                 ;
; Ignore CARRY Buffers                                                       ; Off                ; Off                ;
; Ignore CASCADE Buffers                                                     ; Off                ; Off                ;
; Ignore GLOBAL Buffers                                                      ; Off                ; Off                ;
; Ignore ROW GLOBAL Buffers                                                  ; Off                ; Off                ;
; Ignore LCELL Buffers                                                       ; Off                ; Off                ;
; Ignore SOFT Buffers                                                        ; On                 ; On                 ;
; Limit AHDL Integers to 32 Bits                                             ; Off                ; Off                ;
; Optimization Technique                                                     ; Balanced           ; Balanced           ;
; Carry Chain Length                                                         ; 70                 ; 70                 ;
; Auto Carry Chains                                                          ; On                 ; On                 ;
; Auto Open-Drain Pins                                                       ; On                 ; On                 ;
; Perform WYSIWYG Primitive Resynthesis                                      ; Off                ; Off                ;
; Auto ROM Replacement                                                       ; On                 ; On                 ;
; Auto RAM Replacement                                                       ; On                 ; On                 ;
; Auto Shift Register Replacement                                            ; Auto               ; Auto               ;
; Allow Shift Register Merging across Hierarchies                            ; Auto               ; Auto               ;
; Auto Clock Enable Replacement                                              ; On                 ; On                 ;
; Strict RAM Replacement                                                     ; Off                ; Off                ;
; Allow Synchronous Control Signals                                          ; On                 ; On                 ;
; Force Use of Synchronous Clear Signals                                     ; Off                ; Off                ;
; Auto RAM to Logic Cell Conversion                                          ; Off                ; Off                ;
; Auto Resource Sharing                                                      ; Off                ; Off                ;
; Allow Any RAM Size For Recognition                                         ; Off                ; Off                ;
; Allow Any ROM Size For Recognition                                         ; Off                ; Off                ;
; Allow Any Shift Register Size For Recognition                              ; Off                ; Off                ;
; Use LogicLock Constraints during Resource Balancing                        ; On                 ; On                 ;
; Ignore translate_off and synthesis_off directives                          ; Off                ; Off                ;
; Timing-Driven Synthesis                                                    ; Off                ; Off                ;
; Report Parameter Settings                                                  ; On                 ; On                 ;
; Report Source Assignments                                                  ; On                 ; On                 ;
; Report Connectivity Checks                                                 ; On                 ; On                 ;
; Ignore Maximum Fan-Out Assignments                                         ; Off                ; Off                ;
; Synchronization Register Chain Length                                      ; 2                  ; 2                  ;
; PowerPlay Power Optimization                                               ; Normal compilation ; Normal compilation ;
; HDL message level                                                          ; Level2             ; Level2             ;
; Suppress Register Optimization Related Messages                            ; Off                ; Off                ;
; Number of Removed Registers Reported in Synthesis Report                   ; 5000               ; 5000               ;
; Number of Swept Nodes Reported in Synthesis Report                         ; 5000               ; 5000               ;
; Number of Inverted Registers Reported in Synthesis Report                  ; 100                ; 100                ;
; Clock MUX Protection                                                       ; On                 ; On                 ;
; Auto Gated Clock Conversion                                                ; Off                ; Off                ;
; Block Design Naming                                                        ; Auto               ; Auto               ;
; SDC constraint protection                                                  ; Off                ; Off                ;
; Synthesis Effort                                                           ; Auto               ; Auto               ;
; Shift Register Replacement - Allow Asynchronous Clear Signal               ; On                 ; On                 ;
; Pre-Mapping Resynthesis Optimization                                       ; Off                ; Off                ;
; Analysis & Synthesis Message Level                                         ; Medium             ; Medium             ;
; Disable Register Merging Across Hierarchies                                ; Auto               ; Auto               ;
; Resource Aware Inference For Block RAM                                     ; On                 ; On                 ;
; Synthesis Seed                                                             ; 1                  ; 1                  ;
+----------------------------------------------------------------------------+--------------------+--------------------+


Parallel compilation was disabled, but you have multiple processors available. Enable parallel compilation to reduce compilation time.
+-------------------------------------+
; Parallel Compilation                ;
+----------------------------+--------+
; Processors                 ; Number ;
+----------------------------+--------+
; Number detected on machine ; 4      ;
; Maximum allowed            ; 1      ;
+----------------------------+--------+


+-------------------------------------------------------------------------------------------------------------------------------------------+
; Analysis & Synthesis Source Files Read                                                                                                    ;
+----------------------------------+-----------------+-----------------+----------------------------------------------------------+---------+
; File Name with User-Entered Path ; Used in Netlist ; File Type       ; File Name with Absolute Path                             ; Library ;
+----------------------------------+-----------------+-----------------+----------------------------------------------------------+---------+
; operator.vhd                     ; yes             ; User VHDL File  ; C:/Users/neypi/Desktop/Jogo da velocidade/operator.vhd   ;         ;
; cont.vhd                         ; yes             ; User VHDL File  ; C:/Users/neypi/Desktop/Jogo da velocidade/cont.vhd       ;         ;
; soma.vhd                         ; yes             ; User VHDL File  ; C:/Users/neypi/Desktop/Jogo da velocidade/soma.vhd       ;         ;
; reg.vhd                          ; yes             ; User VHDL File  ; C:/Users/neypi/Desktop/Jogo da velocidade/reg.vhd        ;         ;
; div_freq.vhd                     ; yes             ; User VHDL File  ; C:/Users/neypi/Desktop/Jogo da velocidade/div_freq.vhd   ;         ;
; comp.vhd                         ; yes             ; User VHDL File  ; C:/Users/neypi/Desktop/Jogo da velocidade/comp.vhd       ;         ;
; controller.vhd                   ; yes             ; User VHDL File  ; C:/Users/neypi/Desktop/Jogo da velocidade/controller.vhd ;         ;
; segmentos.vhd                    ; yes             ; User VHDL File  ; C:/Users/neypi/Desktop/Jogo da velocidade/segmentos.vhd  ;         ;
; mux3x1.vhd                       ; yes             ; User VHDL File  ; C:/Users/neypi/Desktop/Jogo da velocidade/mux3x1.vhd     ;         ;
; maior.vhd                        ; yes             ; User VHDL File  ; C:/Users/neypi/Desktop/Jogo da velocidade/maior.vhd      ;         ;
; jogo.vhd                         ; yes             ; User VHDL File  ; C:/Users/neypi/Desktop/Jogo da velocidade/jogo.vhd       ;         ;
+----------------------------------+-----------------+-----------------+----------------------------------------------------------+---------+


+--------------------------------------------------------------------------+
; Analysis & Synthesis Resource Usage Summary                              ;
+---------------------------------------------+----------------------------+
; Resource                                    ; Usage                      ;
+---------------------------------------------+----------------------------+
; Estimated Total logic elements              ; 71                         ;
;                                             ;                            ;
; Total combinational functions               ; 71                         ;
; Logic element usage by number of LUT inputs ;                            ;
;     -- 4 input functions                    ; 22                         ;
;     -- 3 input functions                    ; 14                         ;
;     -- <=2 input functions                  ; 35                         ;
;                                             ;                            ;
; Logic elements by mode                      ;                            ;
;     -- normal mode                          ; 37                         ;
;     -- arithmetic mode                      ; 34                         ;
;                                             ;                            ;
; Total registers                             ; 43                         ;
;     -- Dedicated logic registers            ; 43                         ;
;     -- I/O registers                        ; 0                          ;
;                                             ;                            ;
; I/O pins                                    ; 33                         ;
; Embedded Multiplier 9-bit elements          ; 0                          ;
; Maximum fan-out node                        ; div_freq:i0|comp:i2|Equal0 ;
; Maximum fan-out                             ; 43                         ;
; Total fan-out                               ; 372                        ;
; Average fan-out                             ; 2.53                       ;
+---------------------------------------------+----------------------------+


+------------------------------------------------------------------------------------------------------------------------------------------------------------------------------------------+
; Analysis & Synthesis Resource Utilization by Entity                                                                                                                                      ;
+----------------------------+-------------------+--------------+-------------+--------------+---------+-----------+------+--------------+----------------------------------+--------------+
; Compilation Hierarchy Node ; LC Combinationals ; LC Registers ; Memory Bits ; DSP Elements ; DSP 9x9 ; DSP 18x18 ; Pins ; Virtual Pins ; Full Hierarchy Name              ; Library Name ;
+----------------------------+-------------------+--------------+-------------+--------------+---------+-----------+------+--------------+----------------------------------+--------------+
; |jogo                      ; 71 (0)            ; 43 (0)       ; 0           ; 0            ; 0       ; 0         ; 33   ; 0            ; |jogo                            ; work         ;
;    |controller:i1|         ; 16 (16)           ; 3 (3)        ; 0           ; 0            ; 0       ; 0         ; 0    ; 0            ; |jogo|controller:i1              ; work         ;
;    |div_freq:i0|           ; 21 (0)            ; 16 (0)       ; 0           ; 0            ; 0       ; 0         ; 0    ; 0            ; |jogo|div_freq:i0                ; work         ;
;       |comp:i2|            ; 5 (5)             ; 0 (0)        ; 0           ; 0            ; 0       ; 0         ; 0    ; 0            ; |jogo|div_freq:i0|comp:i2        ; work         ;
;       |cont:i1|            ; 16 (0)            ; 16 (0)       ; 0           ; 0            ; 0       ; 0         ; 0    ; 0            ; |jogo|div_freq:i0|cont:i1        ; work         ;
;          |reg:i2|          ; 16 (16)           ; 16 (16)      ; 0           ; 0            ; 0       ; 0         ; 0    ; 0            ; |jogo|div_freq:i0|cont:i1|reg:i2 ; work         ;
;    |operator:i2|           ; 34 (0)            ; 24 (0)       ; 0           ; 0            ; 0       ; 0         ; 0    ; 0            ; |jogo|operator:i2                ; work         ;
;       |maior:i1|           ; 4 (4)             ; 0 (0)        ; 0           ; 0            ; 0       ; 0         ; 0    ; 0            ; |jogo|operator:i2|maior:i1       ; work         ;
;       |maior:i5|           ; 3 (3)             ; 0 (0)        ; 0           ; 0            ; 0       ; 0         ; 0    ; 0            ; |jogo|operator:i2|maior:i5       ; work         ;
;       |mux3x1:i10|         ; 3 (3)             ; 0 (0)        ; 0           ; 0            ; 0       ; 0         ; 0    ; 0            ; |jogo|operator:i2|mux3x1:i10     ; work         ;
;       |reg:i0|             ; 13 (13)           ; 13 (13)      ; 0           ; 0            ; 0       ; 0         ; 0    ; 0            ; |jogo|operator:i2|reg:i0         ; work         ;
;       |reg:i4|             ; 11 (11)           ; 11 (11)      ; 0           ; 0            ; 0       ; 0         ; 0    ; 0            ; |jogo|operator:i2|reg:i4         ; work         ;
+----------------------------+-------------------+--------------+-------------+--------------+---------+-----------+------+--------------+----------------------------------+--------------+
Note: For table entries with two numbers listed, the numbers in parentheses indicate the number of resources of the given type used by the specific entity alone. The numbers listed outside of parentheses indicate the total resources of the given type used by the specific entity and all of its sub-entities in the hierarchy.


+------------------------------------------------------+
; General Register Statistics                          ;
+----------------------------------------------+-------+
; Statistic                                    ; Value ;
+----------------------------------------------+-------+
; Total registers                              ; 43    ;
; Number of registers using Synchronous Clear  ; 0     ;
; Number of registers using Synchronous Load   ; 0     ;
; Number of registers using Asynchronous Clear ; 40    ;
; Number of registers using Asynchronous Load  ; 0     ;
; Number of registers using Clock Enable       ; 22    ;
; Number of registers using Preset             ; 0     ;
+----------------------------------------------+-------+


+----------------------------------------------------------+
; Parameter Settings for User Entity Instance: div_freq:i0 ;
+----------------+-------+---------------------------------+
; Parameter Name ; Value ; Type                            ;
+----------------+-------+---------------------------------+
; n              ; 16    ; Signed Integer                  ;
+----------------+-------+---------------------------------+
Note: In order to hide this table in the UI and the text report file, please set the "Show Parameter Settings in Synthesis Report" option in "Analysis and Synthesis Settings -> More Settings" to "Off".


+------------------------------------------------------------------+
; Parameter Settings for User Entity Instance: div_freq:i0|cont:i1 ;
+----------------+-------+-----------------------------------------+
; Parameter Name ; Value ; Type                                    ;
+----------------+-------+-----------------------------------------+
; n              ; 16    ; Signed Integer                          ;
+----------------+-------+-----------------------------------------+
Note: In order to hide this table in the UI and the text report file, please set the "Show Parameter Settings in Synthesis Report" option in "Analysis and Synthesis Settings -> More Settings" to "Off".


+--------------------------------------------------------------------------+
; Parameter Settings for User Entity Instance: div_freq:i0|cont:i1|soma:i1 ;
+----------------+-------+-------------------------------------------------+
; Parameter Name ; Value ; Type                                            ;
+----------------+-------+-------------------------------------------------+
; n              ; 16    ; Signed Integer                                  ;
+----------------+-------+-------------------------------------------------+
Note: In order to hide this table in the UI and the text report file, please set the "Show Parameter Settings in Synthesis Report" option in "Analysis and Synthesis Settings -> More Settings" to "Off".


+-------------------------------------------------------------------------+
; Parameter Settings for User Entity Instance: div_freq:i0|cont:i1|reg:i2 ;
+----------------+-------+------------------------------------------------+
; Parameter Name ; Value ; Type                                           ;
+----------------+-------+------------------------------------------------+
; n              ; 16    ; Signed Integer                                 ;
+----------------+-------+------------------------------------------------+
Note: In order to hide this table in the UI and the text report file, please set the "Show Parameter Settings in Synthesis Report" option in "Analysis and Synthesis Settings -> More Settings" to "Off".


+--------------------------------------------------------------------------+
; Parameter Settings for User Entity Instance: div_freq:i0|cont:i1|comp:i3 ;
+----------------+-------+-------------------------------------------------+
; Parameter Name ; Value ; Type                                            ;
+----------------+-------+-------------------------------------------------+
; n              ; 16    ; Signed Integer                                  ;
+----------------+-------+-------------------------------------------------+
Note: In order to hide this table in the UI and the text report file, please set the "Show Parameter Settings in Synthesis Report" option in "Analysis and Synthesis Settings -> More Settings" to "Off".


+------------------------------------------------------------------+
; Parameter Settings for User Entity Instance: div_freq:i0|comp:i2 ;
+----------------+-------+-----------------------------------------+
; Parameter Name ; Value ; Type                                    ;
+----------------+-------+-----------------------------------------+
; n              ; 16    ; Signed Integer                          ;
+----------------+-------+-----------------------------------------+
Note: In order to hide this table in the UI and the text report file, please set the "Show Parameter Settings in Synthesis Report" option in "Analysis and Synthesis Settings -> More Settings" to "Off".


+-----------------------------------------------------------------+
; Parameter Settings for User Entity Instance: operator:i2|reg:i0 ;
+----------------+-------+----------------------------------------+
; Parameter Name ; Value ; Type                                   ;
+----------------+-------+----------------------------------------+
; n              ; 13    ; Signed Integer                         ;
+----------------+-------+----------------------------------------+
Note: In order to hide this table in the UI and the text report file, please set the "Show Parameter Settings in Synthesis Report" option in "Analysis and Synthesis Settings -> More Settings" to "Off".


+-------------------------------------------------------------------+
; Parameter Settings for User Entity Instance: operator:i2|maior:i1 ;
+----------------+-------+------------------------------------------+
; Parameter Name ; Value ; Type                                     ;
+----------------+-------+------------------------------------------+
; n              ; 13    ; Signed Integer                           ;
+----------------+-------+------------------------------------------+
Note: In order to hide this table in the UI and the text report file, please set the "Show Parameter Settings in Synthesis Report" option in "Analysis and Synthesis Settings -> More Settings" to "Off".


+------------------------------------------------------------------+
; Parameter Settings for User Entity Instance: operator:i2|soma:i3 ;
+----------------+-------+-----------------------------------------+
; Parameter Name ; Value ; Type                                    ;
+----------------+-------+-----------------------------------------+
; n              ; 13    ; Signed Integer                          ;
+----------------+-------+-----------------------------------------+
Note: In order to hide this table in the UI and the text report file, please set the "Show Parameter Settings in Synthesis Report" option in "Analysis and Synthesis Settings -> More Settings" to "Off".


+-----------------------------------------------------------------+
; Parameter Settings for User Entity Instance: operator:i2|reg:i4 ;
+----------------+-------+----------------------------------------+
; Parameter Name ; Value ; Type                                   ;
+----------------+-------+----------------------------------------+
; n              ; 11    ; Signed Integer                         ;
+----------------+-------+----------------------------------------+
Note: In order to hide this table in the UI and the text report file, please set the "Show Parameter Settings in Synthesis Report" option in "Analysis and Synthesis Settings -> More Settings" to "Off".


+-------------------------------------------------------------------+
; Parameter Settings for User Entity Instance: operator:i2|maior:i5 ;
+----------------+-------+------------------------------------------+
; Parameter Name ; Value ; Type                                     ;
+----------------+-------+------------------------------------------+
; n              ; 11    ; Signed Integer                           ;
+----------------+-------+------------------------------------------+
Note: In order to hide this table in the UI and the text report file, please set the "Show Parameter Settings in Synthesis Report" option in "Analysis and Synthesis Settings -> More Settings" to "Off".


+------------------------------------------------------------------+
; Parameter Settings for User Entity Instance: operator:i2|soma:i6 ;
+----------------+-------+-----------------------------------------+
; Parameter Name ; Value ; Type                                    ;
+----------------+-------+-----------------------------------------+
; n              ; 11    ; Signed Integer                          ;
+----------------+-------+-----------------------------------------+
Note: In order to hide this table in the UI and the text report file, please set the "Show Parameter Settings in Synthesis Report" option in "Analysis and Synthesis Settings -> More Settings" to "Off".


+--------------------------------------------------------------------+
; Parameter Settings for User Entity Instance: operator:i2|mux3x1:i8 ;
+----------------+-------+-------------------------------------------+
; Parameter Name ; Value ; Type                                      ;
+----------------+-------+-------------------------------------------+
; n              ; 7     ; Signed Integer                            ;
+----------------+-------+-------------------------------------------+
Note: In order to hide this table in the UI and the text report file, please set the "Show Parameter Settings in Synthesis Report" option in "Analysis and Synthesis Settings -> More Settings" to "Off".


+--------------------------------------------------------------------+
; Parameter Settings for User Entity Instance: operator:i2|mux3x1:i9 ;
+----------------+-------+-------------------------------------------+
; Parameter Name ; Value ; Type                                      ;
+----------------+-------+-------------------------------------------+
; n              ; 7     ; Signed Integer                            ;
+----------------+-------+-------------------------------------------+
Note: In order to hide this table in the UI and the text report file, please set the "Show Parameter Settings in Synthesis Report" option in "Analysis and Synthesis Settings -> More Settings" to "Off".


+---------------------------------------------------------------------+
; Parameter Settings for User Entity Instance: operator:i2|mux3x1:i10 ;
+----------------+-------+--------------------------------------------+
; Parameter Name ; Value ; Type                                       ;
+----------------+-------+--------------------------------------------+
; n              ; 7     ; Signed Integer                             ;
+----------------+-------+--------------------------------------------+
Note: In order to hide this table in the UI and the text report file, please set the "Show Parameter Settings in Synthesis Report" option in "Analysis and Synthesis Settings -> More Settings" to "Off".


+---------------------------------------------------------------------+
; Parameter Settings for User Entity Instance: operator:i2|mux3x1:i11 ;
+----------------+-------+--------------------------------------------+
; Parameter Name ; Value ; Type                                       ;
+----------------+-------+--------------------------------------------+
; n              ; 7     ; Signed Integer                             ;
+----------------+-------+--------------------------------------------+
Note: In order to hide this table in the UI and the text report file, please set the "Show Parameter Settings in Synthesis Report" option in "Analysis and Synthesis Settings -> More Settings" to "Off".


+----------------------------------------------------+
; Port Connectivity Checks: "operator:i2|mux3x1:i11" ;
+----------+-------+----------+----------------------+
; Port     ; Type  ; Severity ; Details              ;
+----------+-------+----------+----------------------+
; i0[5..0] ; Input ; Info     ; Stuck at GND         ;
; i0[6]    ; Input ; Info     ; Stuck at VCC         ;
; i2       ; Input ; Info     ; Stuck at VCC         ;
+----------+-------+----------+----------------------+


+----------------------------------------------------+
; Port Connectivity Checks: "operator:i2|mux3x1:i10" ;
+----------+-------+----------+----------------------+
; Port     ; Type  ; Severity ; Details              ;
+----------+-------+----------+----------------------+
; i0[3..1] ; Input ; Info     ; Stuck at VCC         ;
; i0[5..4] ; Input ; Info     ; Stuck at GND         ;
; i0[6]    ; Input ; Info     ; Stuck at VCC         ;
; i0[0]    ; Input ; Info     ; Stuck at GND         ;
; i2       ; Input ; Info     ; Stuck at VCC         ;
+----------+-------+----------+----------------------+


+---------------------------------------------------+
; Port Connectivity Checks: "operator:i2|mux3x1:i9" ;
+----------+-------+----------+---------------------+
; Port     ; Type  ; Severity ; Details             ;
+----------+-------+----------+---------------------+
; i0[3..1] ; Input ; Info     ; Stuck at VCC        ;
; i0[5..4] ; Input ; Info     ; Stuck at GND        ;
; i0[6]    ; Input ; Info     ; Stuck at VCC        ;
; i0[0]    ; Input ; Info     ; Stuck at GND        ;
; i2       ; Input ; Info     ; Stuck at VCC        ;
+----------+-------+----------+---------------------+


+---------------------------------------------------+
; Port Connectivity Checks: "operator:i2|mux3x1:i8" ;
+----------+-------+----------+---------------------+
; Port     ; Type  ; Severity ; Details             ;
+----------+-------+----------+---------------------+
; i0[2..1] ; Input ; Info     ; Stuck at VCC        ;
; i0[6..3] ; Input ; Info     ; Stuck at GND        ;
; i0[0]    ; Input ; Info     ; Stuck at GND        ;
; i2       ; Input ; Info     ; Stuck at VCC        ;
+----------+-------+----------+---------------------+


+------------------------------------------------------+
; Port Connectivity Checks: "operator:i2|segmentos:i7" ;
+-----------------+-------+----------+-----------------+
; Port            ; Type  ; Severity ; Details         ;
+-----------------+-------+----------+-----------------+
; entrada[13..11] ; Input ; Info     ; Stuck at GND    ;
+-----------------+-------+----------+-----------------+


+-------------------------------------------------+
; Port Connectivity Checks: "operator:i2|soma:i6" ;
+----------+-------+----------+-------------------+
; Port     ; Type  ; Severity ; Details           ;
+----------+-------+----------+-------------------+
; b[10..1] ; Input ; Info     ; Stuck at GND      ;
; b[0]     ; Input ; Info     ; Stuck at VCC      ;
+----------+-------+----------+-------------------+


+--------------------------------------------------+
; Port Connectivity Checks: "operator:i2|maior:i5" ;
+----------+-------+----------+--------------------+
; Port     ; Type  ; Severity ; Details            ;
+----------+-------+----------+--------------------+
; b[10..6] ; Input ; Info     ; Stuck at VCC       ;
; b[3..0]  ; Input ; Info     ; Stuck at GND       ;
; b[5]     ; Input ; Info     ; Stuck at GND       ;
; b[4]     ; Input ; Info     ; Stuck at VCC       ;
+----------+-------+----------+--------------------+


+-------------------------------------------------+
; Port Connectivity Checks: "operator:i2|soma:i3" ;
+----------+-------+----------+-------------------+
; Port     ; Type  ; Severity ; Details           ;
+----------+-------+----------+-------------------+
; b[12..1] ; Input ; Info     ; Stuck at GND      ;
; b[0]     ; Input ; Info     ; Stuck at VCC      ;
+----------+-------+----------+-------------------+


+--------------------------------------------------+
; Port Connectivity Checks: "operator:i2|maior:i1" ;
+-----------+-------+----------+-------------------+
; Port      ; Type  ; Severity ; Details           ;
+-----------+-------+----------+-------------------+
; b[9..7]   ; Input ; Info     ; Stuck at VCC      ;
; b[11..10] ; Input ; Info     ; Stuck at GND      ;
; b[6..4]   ; Input ; Info     ; Stuck at GND      ;
; b[2..0]   ; Input ; Info     ; Stuck at GND      ;
; b[12]     ; Input ; Info     ; Stuck at VCC      ;
; b[3]      ; Input ; Info     ; Stuck at VCC      ;
+-----------+-------+----------+-------------------+


+--------------------------------------------------------+
; Port Connectivity Checks: "div_freq:i0|cont:i1|reg:i2" ;
+------+-------+----------+------------------------------+
; Port ; Type  ; Severity ; Details                      ;
+------+-------+----------+------------------------------+
; ld   ; Input ; Info     ; Stuck at VCC                 ;
+------+-------+----------+------------------------------+


+---------------------------------------------------------+
; Port Connectivity Checks: "div_freq:i0|cont:i1|soma:i1" ;
+----------+-------+----------+---------------------------+
; Port     ; Type  ; Severity ; Details                   ;
+----------+-------+----------+---------------------------+
; b[15..1] ; Input ; Info     ; Stuck at GND              ;
; b[0]     ; Input ; Info     ; Stuck at VCC              ;
+----------+-------+----------+---------------------------+


+-----------------------------------------------+
; Port Connectivity Checks: "div_freq:i0"       ;
+-------------+-------+----------+--------------+
; Port        ; Type  ; Severity ; Details      ;
+-------------+-------+----------+--------------+
; div[15..14] ; Input ; Info     ; Stuck at VCC ;
; div[9..8]   ; Input ; Info     ; Stuck at VCC ;
; div[13..10] ; Input ; Info     ; Stuck at GND ;
; div[3..0]   ; Input ; Info     ; Stuck at GND ;
; div[7]      ; Input ; Info     ; Stuck at GND ;
; div[6]      ; Input ; Info     ; Stuck at VCC ;
; div[5]      ; Input ; Info     ; Stuck at GND ;
; div[4]      ; Input ; Info     ; Stuck at VCC ;
+-------------+-------+----------+--------------+


+-------------------------------+
; Elapsed Time Per Partition    ;
+----------------+--------------+
; Partition Name ; Elapsed Time ;
+----------------+--------------+
; Top            ; 00:00:01     ;
+----------------+--------------+


+-------------------------------+
; Analysis & Synthesis Messages ;
+-------------------------------+
Info: *******************************************************************
Info: Running Quartus II 64-Bit Analysis & Synthesis
    Info: Version 13.0.1 Build 232 06/12/2013 Service Pack 1 SJ Web Edition
    Info: Processing started: Sat Oct 22 20:24:46 2016
Info: Command: quartus_map --read_settings_files=on --write_settings_files=off jogo -c jogo
Warning (20028): Parallel compilation is not licensed and has been disabled
Info (12021): Found 2 design units, including 1 entities, in source file operator.vhd
    Info (12022): Found design unit 1: operator-behav
    Info (12023): Found entity 1: operator
Info (12021): Found 2 design units, including 1 entities, in source file cont.vhd
    Info (12022): Found design unit 1: cont-arq
    Info (12023): Found entity 1: cont
Info (12021): Found 2 design units, including 1 entities, in source file soma.vhd
    Info (12022): Found design unit 1: soma-behav
    Info (12023): Found entity 1: soma
Info (12021): Found 2 design units, including 1 entities, in source file reg.vhd
    Info (12022): Found design unit 1: reg-arq
    Info (12023): Found entity 1: reg
Info (12021): Found 2 design units, including 1 entities, in source file div_freq.vhd
    Info (12022): Found design unit 1: div_freq-arc
    Info (12023): Found entity 1: div_freq
Info (12021): Found 2 design units, including 1 entities, in source file comp.vhd
    Info (12022): Found design unit 1: comp-behav
    Info (12023): Found entity 1: comp
Info (12021): Found 2 design units, including 1 entities, in source file controller.vhd
    Info (12022): Found design unit 1: controller-behav
    Info (12023): Found entity 1: controller
Info (12021): Found 2 design units, including 1 entities, in source file segmentos.vhd
    Info (12022): Found design unit 1: segmentos-behav
    Info (12023): Found entity 1: segmentos
Info (12021): Found 2 design units, including 1 entities, in source file mux3x1.vhd
    Info (12022): Found design unit 1: mux3x1-behav
    Info (12023): Found entity 1: mux3x1
Info (12021): Found 2 design units, including 1 entities, in source file maior.vhd
    Info (12022): Found design unit 1: maior-behav
    Info (12023): Found entity 1: maior
Info (12021): Found 2 design units, including 1 entities, in source file jogo.vhd
    Info (12022): Found design unit 1: jogo-behav
    Info (12023): Found entity 1: jogo
Info (12127): Elaborating entity "jogo" for the top level hierarchy
Warning (10540): VHDL Signal Declaration warning at jogo.vhd(43): used explicit default value for signal "bin50000" because signal was never assigned a value
Info (12128): Elaborating entity "div_freq" for hierarchy "div_freq:i0"
Info (12128): Elaborating entity "cont" for hierarchy "div_freq:i0|cont:i1"
Warning (10540): VHDL Signal Declaration warning at cont.vhd(40): used explicit default value for signal "ld" because signal was never assigned a value
Info (12128): Elaborating entity "soma" for hierarchy "div_freq:i0|cont:i1|soma:i1"
Info (12128): Elaborating entity "reg" for hierarchy "div_freq:i0|cont:i1|reg:i2"
Info (12128): Elaborating entity "comp" for hierarchy "div_freq:i0|cont:i1|comp:i3"
Info (12128): Elaborating entity "controller" for hierarchy "controller:i1"
Info (12128): Elaborating entity "operator" for hierarchy "operator:i2"
Warning (10540): VHDL Signal Declaration warning at operator.vhd(54): used explicit default value for signal "bin5000" because signal was never assigned a value
Warning (10540): VHDL Signal Declaration warning at operator.vhd(59): used explicit default value for signal "bin2000" because signal was never assigned a value
Warning (10540): VHDL Signal Declaration warning at operator.vhd(64): used explicit default value for signal "E" because signal was never assigned a value
Warning (10540): VHDL Signal Declaration warning at operator.vhd(65): used explicit default value for signal "R" because signal was never assigned a value
Warning (10540): VHDL Signal Declaration warning at operator.vhd(66): used explicit default value for signal "O" because signal was never assigned a value
Warning (10540): VHDL Signal Declaration warning at operator.vhd(67): used explicit default value for signal "off" because signal was never assigned a value
Info (12128): Elaborating entity "reg" for hierarchy "operator:i2|reg:i0"
Info (12128): Elaborating entity "maior" for hierarchy "operator:i2|maior:i1"
Info (12128): Elaborating entity "soma" for hierarchy "operator:i2|soma:i3"
Info (12128): Elaborating entity "reg" for hierarchy "operator:i2|reg:i4"
Info (12128): Elaborating entity "maior" for hierarchy "operator:i2|maior:i5"
Info (12128): Elaborating entity "soma" for hierarchy "operator:i2|soma:i6"
Info (12128): Elaborating entity "segmentos" for hierarchy "operator:i2|segmentos:i7"
Warning (10541): VHDL Signal Declaration warning at segmentos.vhd(9): used implicit default value for signal "saida4" because signal was never assigned a value or an explicit default value. Use of implicit default value may introduce unintended design optimizations.
Warning (10492): VHDL Process Statement warning at segmentos.vhd(26): signal "y" is read inside the Process Statement but isn't in the Process Statement's sensitivity list
Warning (10492): VHDL Process Statement warning at segmentos.vhd(27): signal "x" is read inside the Process Statement but isn't in the Process Statement's sensitivity list
Warning (10492): VHDL Process Statement warning at segmentos.vhd(28): signal "x" is read inside the Process Statement but isn't in the Process Statement's sensitivity list
Warning (10492): VHDL Process Statement warning at segmentos.vhd(28): signal "display4" is read inside the Process Statement but isn't in the Process Statement's sensitivity list
Warning (10492): VHDL Process Statement warning at segmentos.vhd(29): signal "x" is read inside the Process Statement but isn't in the Process Statement's sensitivity list
Warning (10492): VHDL Process Statement warning at segmentos.vhd(29): signal "display4" is read inside the Process Statement but isn't in the Process Statement's sensitivity list
Warning (10492): VHDL Process Statement warning at segmentos.vhd(29): signal "display3" is read inside the Process Statement but isn't in the Process Statement's sensitivity list
Warning (10492): VHDL Process Statement warning at segmentos.vhd(30): signal "x" is read inside the Process Statement but isn't in the Process Statement's sensitivity list
Warning (10492): VHDL Process Statement warning at segmentos.vhd(30): signal "display4" is read inside the Process Statement but isn't in the Process Statement's sensitivity list
Warning (10492): VHDL Process Statement warning at segmentos.vhd(30): signal "display3" is read inside the Process Statement but isn't in the Process Statement's sensitivity list
Warning (10492): VHDL Process Statement warning at segmentos.vhd(30): signal "display2" is read inside the Process Statement but isn't in the Process Statement's sensitivity list
Warning (10492): VHDL Process Statement warning at segmentos.vhd(31): signal "display4" is read inside the Process Statement but isn't in the Process Statement's sensitivity list
Warning (10492): VHDL Process Statement warning at segmentos.vhd(54): signal "display3" is read inside the Process Statement but isn't in the Process Statement's sensitivity list
Warning (10492): VHDL Process Statement warning at segmentos.vhd(77): signal "display2" is read inside the Process Statement but isn't in the Process Statement's sensitivity list
Warning (10492): VHDL Process Statement warning at segmentos.vhd(100): signal "display1" is read inside the Process Statement but isn't in the Process Statement's sensitivity list
Info (12128): Elaborating entity "mux3x1" for hierarchy "operator:i2|mux3x1:i8"
Warning (10492): VHDL Process Statement warning at mux3x1.vhd(19): signal "i0" is read inside the Process Statement but isn't in the Process Statement's sensitivity list
Warning (10492): VHDL Process Statement warning at mux3x1.vhd(21): signal "i1" is read inside the Process Statement but isn't in the Process Statement's sensitivity list
Warning (10492): VHDL Process Statement warning at mux3x1.vhd(23): signal "i2" is read inside the Process Statement but isn't in the Process Statement's sensitivity list
Warning (13024): Output pins are stuck at VCC or GND
    Warning (13410): Pin "d2[6]" is stuck at VCC
    Warning (13410): Pin "d0[6]" is stuck at VCC
Info (16010): Generating hard_block partition "hard_block:auto_generated_inst"
    Info (16011): Adding 0 node(s), including 0 DDIO, 0 PLL, 0 transceiver and 0 LCELL
Info (21057): Implemented 104 device resources after synthesis - the final resource count might be different
    Info (21058): Implemented 3 input pins
    Info (21059): Implemented 30 output pins
    Info (21061): Implemented 71 logic cells
Info: Quartus II 64-Bit Analysis & Synthesis was successful. 0 errors, 31 warnings
    Info: Peak virtual memory: 523 megabytes
    Info: Processing ended: Sat Oct 22 20:24:52 2016
    Info: Elapsed time: 00:00:06
    Info: Total CPU time (on all processors): 00:00:03


